============================= test session starts =============================
platform win32 -- Python 3.13.7, pytest-7.4.3, pluggy-1.6.0 -- C:\Python313\python.exe
cachedir: .pytest_cache
rootdir: C:\Users\Leo\AI projects\RealtorOS\backend
plugins: anyio-4.11.0, asyncio-0.23.1, cov-7.0.0
asyncio: mode=Mode.STRICT
collecting ... collected 288 items

tests/integration/test_scheduler_integration.py::TestSchedulerIntegration::test_process_due_tasks_job_with_real_database FAILED [  0%]
tests/integration/test_scheduler_integration.py::TestSchedulerIntegration::test_process_due_tasks_job_with_real_database ERROR [  0%]

============================== warnings summary ===============================
app\config.py:30
  C:\Users\Leo\AI projects\RealtorOS\backend\app\config.py:30: PydanticDeprecatedSince20: Support for class-based `config` is deprecated, use ConfigDict instead. Deprecated in Pydantic V2.0 to be removed in V3.0. See Pydantic V2 Migration Guide at https://errors.pydantic.dev/2.12/migration/
    class Settings(BaseSettings):

tests/integration/test_scheduler_integration.py::TestSchedulerIntegration::test_process_due_tasks_job_with_real_database
  C:\Users\Leo\AppData\Roaming\Python\Python313\site-packages\pytest_asyncio\plugin.py:738: DeprecationWarning: The event_loop fixture provided by pytest-asyncio has been redefined in
  C:\Users\Leo\AI projects\RealtorOS\backend\tests\conftest.py:36
  Replacing the event_loop fixture with a custom implementation is deprecated
  and will lead to errors in the future.
  If you want to request an asyncio event loop with a scope other than function
  scope, use the "scope" argument to the asyncio mark when marking the tests.
  If you want to return different types of event loops, use the event_loop_policy
  fixture.
  
    warnings.warn(

-- Docs: https://docs.pytest.org/en/stable/how-to/capture-warnings.html
=========================== short test summary info ===========================
FAILED tests/integration/test_scheduler_integration.py::TestSchedulerIntegration::test_process_due_tasks_job_with_real_database
ERROR tests/integration/test_scheduler_integration.py::TestSchedulerIntegration::test_process_due_tasks_job_with_real_database
!!!!!!!!!!!!!!!!!!!!!!!!!! stopping after 2 failures !!!!!!!!!!!!!!!!!!!!!!!!!!
=================== 1 failed, 2 warnings, 1 error in 1.72s ====================
